# JRE version: Java(TM) SE Runtime Environment (7.0_40-b43) (build 1.7.0_40-b43)
# Java VM: Java HotSpot(TM) 64-Bit Server VM (24.0-b56 mixed mode windows-amd64 compressed oops)
Heap
 PSYoungGen      total 205312K, used 121660K [0x00000000ebc80000, 0x00000000f9c80000, 0x0000000100000000)
  eden space 193536K, 56% used [0x00000000ebc80000,0x00000000f27d4a48,0x00000000f7980000)
  from space 11776K, 99% used [0x00000000f8900000,0x00000000f947a7a8,0x00000000f9480000)
  to   space 15872K, 0% used [0x00000000f7980000,0x00000000f7980000,0x00000000f8900000)
 ParOldGen       total 40960K, used 15263K [0x00000000c3600000, 0x00000000c5e00000, 0x00000000ebc80000)
  object space 40960K, 37% used [0x00000000c3600000,0x00000000c44e7d00,0x00000000c5e00000)
 PSPermGen       total 21504K, used 7209K [0x00000000be400000, 0x00000000bf900000, 0x00000000c3600000)
  object space 21504K, 33% used [0x00000000be400000,0x00000000beb0a660,0x00000000bf900000)
GC Heap History (10 events):
Event: 1.610 GC heap before
{Heap before GC invocations=6 (full 0):
 PSYoungGen      total 34304K, used 34273K [0x00000000ebc80000, 0x00000000f0180000, 0x0000000100000000)
  eden space 31744K, 100% used [0x00000000ebc80000,0x00000000edb80000,0x00000000edb80000)
  from space 2560K, 98% used [0x00000000edb80000,0x00000000eddf8678,0x00000000ede00000)
  to   space 3584K, 0% used [0x00000000efe00000,0x00000000efe00000,0x00000000f0180000)
 ParOldGen       total 40960K, used 456K [0x00000000c3600000, 0x00000000c5e00000, 0x00000000ebc80000)
  object space 40960K, 1% used [0x00000000c3600000,0x00000000c3672000,0x00000000c5e00000)
 PSPermGen       total 21504K, used 6975K [0x00000000be400000, 0x00000000bf900000, 0x00000000c3600000)
  object space 21504K, 32% used [0x00000000be400000,0x00000000beacfc40,0x00000000bf900000)
Event: 1.620 GC heap after
Heap after GC invocations=6 (full 0):
 PSYoungGen      total 66048K, used 3580K [0x00000000ebc80000, 0x00000000f0380000, 0x0000000100000000)
  eden space 62464K, 0% used [0x00000000ebc80000,0x00000000ebc80000,0x00000000ef980000)
  from space 3584K, 99% used [0x00000000efe00000,0x00000000f017f390,0x00000000f0180000)
  to   space 4608K, 0% used [0x00000000ef980000,0x00000000ef980000,0x00000000efe00000)
 ParOldGen       total 40960K, used 1672K [0x00000000c3600000, 0x00000000c5e00000, 0x00000000ebc80000)
  object space 40960K, 4% used [0x00000000c3600000,0x00000000c37a2000,0x00000000c5e00000)
 PSPermGen       total 21504K, used 6975K [0x00000000be400000, 0x00000000bf900000, 0x00000000c3600000)
  object space 21504K, 32% used [0x00000000be400000,0x00000000beacfc40,0x00000000bf900000)
}
Event: 1.719 GC heap before
{Heap before GC invocations=7 (full 0):
 PSYoungGen      total 66048K, used 66044K [0x00000000ebc80000, 0x00000000f0380000, 0x0000000100000000)
  eden space 62464K, 100% used [0x00000000ebc80000,0x00000000ef980000,0x00000000ef980000)
  from space 3584K, 99% used [0x00000000efe00000,0x00000000f017f390,0x00000000f0180000)
  to   space 4608K, 0% used [0x00000000ef980000,0x00000000ef980000,0x00000000efe00000)
 ParOldGen       total 40960K, used 1672K [0x00000000c3600000, 0x00000000c5e00000, 0x00000000ebc80000)
  object space 40960K, 4% used [0x00000000c3600000,0x00000000c37a2000,0x00000000c5e00000)
 PSPermGen       total 21504K, used 6976K [0x00000000be400000, 0x00000000bf900000, 0x00000000c3600000)
  object space 21504K, 32% used [0x00000000be400000,0x00000000bead01d8,0x00000000bf900000)
Event: 1.734 GC heap after
Heap after GC invocations=7 (full 0):
 PSYoungGen      total 67072K, used 4606K [0x00000000ebc80000, 0x00000000f4480000, 0x0000000100000000)
  eden space 62464K, 0% used [0x00000000ebc80000,0x00000000ebc80000,0x00000000ef980000)
  from space 4608K, 99% used [0x00000000ef980000,0x00000000efdff918,0x00000000efe00000)
  to   space 7168K, 0% used [0x00000000f3d80000,0x00000000f3d80000,0x00000000f4480000)
 ParOldGen       total 40960K, used 5127K [0x00000000c3600000, 0x00000000c5e00000, 0x00000000ebc80000)
  object space 40960K, 12% used [0x00000000c3600000,0x00000000c3b01d00,0x00000000c5e00000)
 PSPermGen       total 21504K, used 6976K [0x00000000be400000, 0x00000000bf900000, 0x00000000c3600000)
  object space 21504K, 32% used [0x00000000be400000,0x00000000bead01d8,0x00000000bf900000)
}
Event: 1.801 GC heap before
{Heap before GC invocations=8 (full 0):
 PSYoungGen      total 67072K, used 67070K [0x00000000ebc80000, 0x00000000f4480000, 0x0000000100000000)
  eden space 62464K, 100% used [0x00000000ebc80000,0x00000000ef980000,0x00000000ef980000)
  from space 4608K, 99% used [0x00000000ef980000,0x00000000efdff918,0x00000000efe00000)
  to   space 7168K, 0% used [0x00000000f3d80000,0x00000000f3d80000,0x00000000f4480000)
 ParOldGen       total 40960K, used 5127K [0x00000000c3600000, 0x00000000c5e00000, 0x00000000ebc80000)
  object space 40960K, 12% used [0x00000000c3600000,0x00000000c3b01d00,0x00000000c5e00000)
 PSPermGen       total 21504K, used 6976K [0x00000000be400000, 0x00000000bf900000, 0x00000000c3600000)
  object space 21504K, 32% used [0x00000000be400000,0x00000000bead01d8,0x00000000bf900000)
Event: 1.811 GC heap after
Heap after GC invocations=8 (full 0):
 PSYoungGen      total 130560K, used 7133K [0x00000000ebc80000, 0x00000000f4780000, 0x0000000100000000)
  eden space 123392K, 0% used [0x00000000ebc80000,0x00000000ebc80000,0x00000000f3500000)
  from space 7168K, 99% used [0x00000000f3d80000,0x00000000f44774e8,0x00000000f4480000)
  to   space 8704K, 0% used [0x00000000f3500000,0x00000000f3500000,0x00000000f3d80000)
 ParOldGen       total 40960K, used 5143K [0x00000000c3600000, 0x00000000c5e00000, 0x00000000ebc80000)
  object space 40960K, 12% used [0x00000000c3600000,0x00000000c3b05d00,0x00000000c5e00000)
 PSPermGen       total 21504K, used 6976K [0x00000000be400000, 0x00000000bf900000, 0x00000000c3600000)
  object space 21504K, 32% used [0x00000000be400000,0x00000000bead01d8,0x00000000bf900000)
}
Event: 1.973 GC heap before
{Heap before GC invocations=9 (full 0):
 PSYoungGen      total 130560K, used 128816K [0x00000000ebc80000, 0x00000000f4780000, 0x0000000100000000)
  eden space 123392K, 98% used [0x00000000ebc80000,0x00000000f3354cc0,0x00000000f3500000)
  from space 7168K, 99% used [0x00000000f3d80000,0x00000000f44774e8,0x00000000f4480000)
  to   space 8704K, 0% used [0x00000000f3500000,0x00000000f3500000,0x00000000f3d80000)
 ParOldGen       total 40960K, used 5143K [0x00000000c3600000, 0x00000000c5e00000, 0x00000000ebc80000)
  object space 40960K, 12% used [0x00000000c3600000,0x00000000c3b05d00,0x00000000c5e00000)
 PSPermGen       total 21504K, used 6977K [0x00000000be400000, 0x00000000bf900000, 0x00000000c3600000)
  object space 21504K, 32% used [0x00000000be400000,0x00000000bead0780,0x00000000bf900000)
Event: 1.991 GC heap after
Heap after GC invocations=9 (full 0):
 PSYoungGen      total 132096K, used 8690K [0x00000000ebc80000, 0x00000000f9480000, 0x0000000100000000)
  eden space 123392K, 0% used [0x00000000ebc80000,0x00000000ebc80000,0x00000000f3500000)
  from space 8704K, 99% used [0x00000000f3500000,0x00000000f3d7c8c0,0x00000000f3d80000)
  to   space 11776K, 0% used [0x00000000f8900000,0x00000000f8900000,0x00000000f9480000)
 ParOldGen       total 40960K, used 9783K [0x00000000c3600000, 0x00000000c5e00000, 0x00000000ebc80000)
  object space 40960K, 23% used [0x00000000c3600000,0x00000000c3f8dd00,0x00000000c5e00000)
 PSPermGen       total 21504K, used 6977K [0x00000000be400000, 0x00000000bf900000, 0x00000000c3600000)
  object space 21504K, 32% used [0x00000000be400000,0x00000000bead0780,0x00000000bf900000)
}
Event: 2.113 GC heap before
{Heap before GC invocations=10 (full 0):
 PSYoungGen      total 132096K, used 127264K [0x00000000ebc80000, 0x00000000f9480000, 0x0000000100000000)
  eden space 123392K, 96% used [0x00000000ebc80000,0x00000000f304b8d8,0x00000000f3500000)
  from space 8704K, 99% used [0x00000000f3500000,0x00000000f3d7c8c0,0x00000000f3d80000)
  to   space 11776K, 0% used [0x00000000f8900000,0x00000000f8900000,0x00000000f9480000)
 ParOldGen       total 40960K, used 9783K [0x00000000c3600000, 0x00000000c5e00000, 0x00000000ebc80000)
  object space 40960K, 23% used [0x00000000c3600000,0x00000000c3f8dd00,0x00000000c5e00000)
 PSPermGen       total 21504K, used 6987K [0x00000000be400000, 0x00000000bf900000, 0x00000000c3600000)
  object space 21504K, 32% used [0x00000000be400000,0x00000000bead2ef8,0x00000000bf900000)
Event: 2.136 GC heap after
Heap after GC invocations=10 (full 0):
 PSYoungGen      total 205312K, used 11753K [0x00000000ebc80000, 0x00000000f9c80000, 0x0000000100000000)
  eden space 193536K, 0% used [0x00000000ebc80000,0x00000000ebc80000,0x00000000f7980000)
  from space 11776K, 99% used [0x00000000f8900000,0x00000000f947a7a8,0x00000000f9480000)
  to   space 15872K, 0% used [0x00000000f7980000,0x00000000f7980000,0x00000000f8900000)
 ParOldGen       total 40960K, used 15263K [0x00000000c3600000, 0x00000000c5e00000, 0x00000000ebc80000)
  object space 40960K, 37% used [0x00000000c3600000,0x00000000c44e7d00,0x00000000c5e00000)
 PSPermGen       total 21504K, used 6987K [0x00000000be400000, 0x00000000bf900000, 0x00000000c3600000)
  object space 21504K, 32% used [0x00000000be400000,0x00000000bead2ef8,0x00000000bf900000)
}

